<?xml version="1.0" encoding="UTF-8"?>
<!-- Generated by org.testng.reporters.JUnitXMLReporter -->
<testsuite ignored="1" hostname="DESKTOP-GARLJAI" failures="0" tests="1" name="Test(failed)(failed)" time="15.379" errors="0" timestamp="2026-03-16T05:45:07 GMT">
  <testcase classname="testCases.TC_01_DilAdmin_Login" name="practitionerLogin" time="8.903"/>
  <testcase classname="testCases.TC_01_DilAdmin_Login" name="dilAdminLogin" time="0.0">
    <ignored/>
  </testcase> <!-- dilAdminLogin -->
</testsuite> <!-- Test(failed)(failed) -->
