<?xml version="1.0" encoding="UTF-8"?>
<testng-results ignored="0" total="2" passed="2" failed="0" skipped="0">
  <reporter-output>
  </reporter-output>
  <suite started-at="2026-03-26T05:39:30 GMT" name="Suite" finished-at="2026-03-26T05:40:11 GMT" duration-ms="40545">
    <groups>
      <group name="Sanity">
        <method signature="TC_01_DilAdmin_Login.dilAdminLogin()[pri:0, instance:testCases.TC_01_DilAdmin_Login@49c386c8]" name="dilAdminLogin" class="testCases.TC_01_DilAdmin_Login"/>
        <method signature="TC_01_DilAdmin_Login.practitionerLogin()[pri:0, instance:testCases.TC_01_DilAdmin_Login@49c386c8]" name="practitionerLogin" class="testCases.TC_01_DilAdmin_Login"/>
      </group> <!-- Sanity -->
    </groups>
    <test started-at="2026-03-26T05:39:30 GMT" name="Test" finished-at="2026-03-26T05:40:11 GMT" duration-ms="40545">
      <class name="testCases.TC_01_DilAdmin_Login">
        <test-method is-config="true" signature="setup(java.lang.String,java.lang.String)[pri:0, instance:testCases.TC_01_DilAdmin_Login@49c386c8]" started-at="2026-03-26T05:39:30 GMT" name="setup" finished-at="2026-03-26T05:39:36 GMT" duration-ms="5540" status="PASS">
          <params>
            <param index="0">
              <value>
                <![CDATA[windows]]>
              </value>
            </param>
            <param index="1">
              <value>
                <![CDATA[chrome]]>
              </value>
            </param>
          </params>
          <reporter-output>
          </reporter-output>
        </test-method> <!-- setup -->
        <test-method signature="dilAdminLogin()[pri:0, instance:testCases.TC_01_DilAdmin_Login@49c386c8]" started-at="2026-03-26T05:39:36 GMT" name="dilAdminLogin" finished-at="2026-03-26T05:40:02 GMT" duration-ms="26159" status="PASS">
          <reporter-output>
          </reporter-output>
        </test-method> <!-- dilAdminLogin -->
        <test-method signature="practitionerLogin()[pri:0, instance:testCases.TC_01_DilAdmin_Login@49c386c8]" started-at="2026-03-26T05:40:02 GMT" name="practitionerLogin" finished-at="2026-03-26T05:40:10 GMT" duration-ms="8275" status="PASS">
          <reporter-output>
          </reporter-output>
        </test-method> <!-- practitionerLogin -->
        <test-method is-config="true" signature="tearDown()[pri:0, instance:testCases.TC_01_DilAdmin_Login@49c386c8]" started-at="2026-03-26T05:40:10 GMT" name="tearDown" finished-at="2026-03-26T05:40:11 GMT" duration-ms="529" status="PASS">
          <reporter-output>
          </reporter-output>
        </test-method> <!-- tearDown -->
      </class> <!-- testCases.TC_01_DilAdmin_Login -->
    </test> <!-- Test -->
  </suite> <!-- Suite -->
</testng-results>
