<?xml version="1.0" encoding="UTF-8"?>
<testng-results ignored="0" total="2" passed="2" failed="0" skipped="0">
  <reporter-output>
  </reporter-output>
  <suite started-at="2026-03-25T06:58:22 GMT" name="Suite" finished-at="2026-03-25T06:59:33 GMT" duration-ms="71044">
    <groups>
      <group name="Sanity">
        <method signature="TC_01_DilAdmin_Login.dilAdminLogin()[pri:0, instance:testCases.TC_01_DilAdmin_Login@dbf57b3]" name="dilAdminLogin" class="testCases.TC_01_DilAdmin_Login"/>
        <method signature="TC_01_DilAdmin_Login.practitionerLogin()[pri:0, instance:testCases.TC_01_DilAdmin_Login@dbf57b3]" name="practitionerLogin" class="testCases.TC_01_DilAdmin_Login"/>
      </group> <!-- Sanity -->
    </groups>
    <test started-at="2026-03-25T06:58:22 GMT" name="linux_Test" finished-at="2026-03-25T06:59:33 GMT" duration-ms="71044">
      <class name="testCases.TC_01_DilAdmin_Login">
        <test-method is-config="true" signature="setup(java.lang.String,java.lang.String)[pri:0, instance:testCases.TC_01_DilAdmin_Login@dbf57b3]" started-at="2026-03-25T06:58:23 GMT" name="setup" finished-at="2026-03-25T06:58:51 GMT" duration-ms="28699" status="PASS">
          <params>
            <param index="0">
              <value>
                <![CDATA[linux]]>
              </value>
            </param>
            <param index="1">
              <value>
                <![CDATA[chrome]]>
              </value>
            </param>
          </params>
          <reporter-output>
          </reporter-output>
        </test-method> <!-- setup -->
        <test-method signature="dilAdminLogin()[pri:0, instance:testCases.TC_01_DilAdmin_Login@dbf57b3]" started-at="2026-03-25T06:58:51 GMT" name="dilAdminLogin" finished-at="2026-03-25T06:59:24 GMT" duration-ms="32514" status="PASS">
          <reporter-output>
          </reporter-output>
        </test-method> <!-- dilAdminLogin -->
        <test-method signature="practitionerLogin()[pri:0, instance:testCases.TC_01_DilAdmin_Login@dbf57b3]" started-at="2026-03-25T06:59:24 GMT" name="practitionerLogin" finished-at="2026-03-25T06:59:33 GMT" duration-ms="9303" status="PASS">
          <reporter-output>
          </reporter-output>
        </test-method> <!-- practitionerLogin -->
        <test-method is-config="true" signature="tearDown()[pri:0, instance:testCases.TC_01_DilAdmin_Login@dbf57b3]" started-at="2026-03-25T06:59:33 GMT" name="tearDown" finished-at="2026-03-25T06:59:33 GMT" duration-ms="125" status="PASS">
          <reporter-output>
          </reporter-output>
        </test-method> <!-- tearDown -->
      </class> <!-- testCases.TC_01_DilAdmin_Login -->
    </test> <!-- linux_Test -->
  </suite> <!-- Suite -->
</testng-results>
