<?xml version="1.0" encoding="UTF-8"?>
<testng-results ignored="0" total="1" passed="1" failed="0" skipped="0">
  <reporter-output>
  </reporter-output>
  <suite started-at="2026-03-30T10:43:21 BST" name="Suite" finished-at="2026-03-30T10:43:40 BST" duration-ms="19346">
    <groups>
    </groups>
    <test started-at="2026-03-30T10:43:21 BST" name="linux_Test" finished-at="2026-03-30T10:43:40 BST" duration-ms="19346">
      <class name="testCases.TC_Login">
        <test-method is-config="true" signature="setup(java.lang.String,java.lang.String)[pri:0, instance:testCases.TC_Login@5f058f00]" started-at="2026-03-30T10:43:21 BST" name="setup" finished-at="2026-03-30T10:43:27 BST" duration-ms="5126" status="PASS">
          <params>
            <param index="0">
              <value>
                <![CDATA[windows]]>
              </value>
            </param>
            <param index="1">
              <value>
                <![CDATA[chrome]]>
              </value>
            </param>
          </params>
          <reporter-output>
          </reporter-output>
        </test-method> <!-- setup -->
        <test-method signature="loginTestCase()[pri:0, instance:testCases.TC_Login@5f058f00]" started-at="2026-03-30T10:43:27 BST" name="loginTestCase" finished-at="2026-03-30T10:43:40 BST" duration-ms="13439" status="PASS">
          <reporter-output>
          </reporter-output>
        </test-method> <!-- loginTestCase -->
        <test-method is-config="true" signature="tearDown()[pri:0, instance:testCases.TC_Login@5f058f00]" started-at="2026-03-30T10:43:40 BST" name="tearDown" finished-at="2026-03-30T10:43:40 BST" duration-ms="460" status="PASS">
          <reporter-output>
          </reporter-output>
        </test-method> <!-- tearDown -->
      </class> <!-- testCases.TC_Login -->
    </test> <!-- linux_Test -->
  </suite> <!-- Suite -->
</testng-results>
