<?xml version="1.0" encoding="UTF-8"?>
<!-- Generated by org.testng.reporters.JUnitReportReporter -->
<testsuite hostname="DESKTOP-GARLJAI" failures="0" tests="2" name="testCases.TC_01_CreateAdminAccount" time="32.619" errors="0" timestamp="2026-03-09T12:10:22 GMT" skipped="0">
  <testcase classname="testCases.TC_01_CreateAdminAccount" name="createAdminAccount" time="20.354"/>
  <system-out/>
  <testcase classname="testCases.TC_01_CreateAdminAccount" name="updateAdminAccount" time="12.265"/>
  <system-out/>
</testsuite> <!-- testCases.TC_01_CreateAdminAccount -->
