<?xml version="1.0" encoding="UTF-8"?>
<!-- Generated by org.testng.reporters.JUnitReportReporter -->
<testsuite hostname="DESKTOP-GARLJAI" failures="0" tests="2" name="testCases.TC_01_DilAdmin_Login" time="34.434" errors="0" timestamp="2026-03-26T05:40:11 GMT" skipped="0">
  <testcase classname="testCases.TC_01_DilAdmin_Login" name="practitionerLogin" time="8.275"/>
  <system-out/>
  <testcase classname="testCases.TC_01_DilAdmin_Login" name="dilAdminLogin" time="26.159"/>
  <system-out/>
</testsuite> <!-- testCases.TC_01_DilAdmin_Login -->
